2021-10-01 09:25:47,520 - DEBUG - my_log - –í—ã–∑–≤–∞–Ω–∞ —Ñ—É–Ω–∫—Ü–∏—è: send_message c –ø–æ–∑–∏—Ü–∏–æ–Ω–Ω—ã–º–∏ –∞—Ä–≥—É–º–µ–Ω—Ç–∞–º–∏ (<socket.socket fd=488, family=AddressFamily.AF_INET, type=SocketKind.SOCK_STREAM, proto=0, laddr=('127.0.0.1', 50033), raddr=('127.0.0.1', 8080)>, {'action': 'presence', 'time': 1633069547.5200932, 'user': {'account_name': '–ø—Ç–∞–ø–∞–ø–æ–ø'}}) –∏ –∏–º–Ω–æ–≤–∞–Ω–Ω—ã–º–∏ –∞—Ä–≥—É–º–µ–Ω—Ç–∞–º–∏ {} –∏–∑ –º–æ–¥—É–ª—è common_tools 
2021-10-01 09:25:47,520 - DEBUG - my_log - –í—ã–∑–≤–∞–Ω–∞ —Ñ—É–Ω–∫—Ü–∏—è: get_message c –ø–æ–∑–∏—Ü–∏–æ–Ω–Ω—ã–º–∏ –∞—Ä–≥—É–º–µ–Ω—Ç–∞–º–∏ (<socket.socket fd=488, family=AddressFamily.AF_INET, type=SocketKind.SOCK_STREAM, proto=0, laddr=('127.0.0.1', 50033), raddr=('127.0.0.1', 8080)>, 1024) –∏ –∏–º–Ω–æ–≤–∞–Ω–Ω—ã–º–∏ –∞—Ä–≥—É–º–µ–Ω—Ç–∞–º–∏ {} –∏–∑ –º–æ–¥—É–ª—è common_tools 
2021-10-01 09:25:59,644 - DEBUG - my_log - –í—ã–∑–≤–∞–Ω–∞ —Ñ—É–Ω–∫—Ü–∏—è: send_message c –ø–æ–∑–∏—Ü–∏–æ–Ω–Ω—ã–º–∏ –∞—Ä–≥—É–º–µ–Ω—Ç–∞–º–∏ (<socket.socket fd=492, family=AddressFamily.AF_INET, type=SocketKind.SOCK_STREAM, proto=0, laddr=('127.0.0.1', 50037), raddr=('127.0.0.1', 8080)>, {'action': 'presence', 'time': 1633069559.644667, 'user': {'account_name': '—Ä–ø–∞—Ä–ø–∞'}}) –∏ –∏–º–Ω–æ–≤–∞–Ω–Ω—ã–º–∏ –∞—Ä–≥—É–º–µ–Ω—Ç–∞–º–∏ {} –∏–∑ –º–æ–¥—É–ª—è common_tools 
2021-10-01 09:25:59,644 - DEBUG - my_log - –í—ã–∑–≤–∞–Ω–∞ —Ñ—É–Ω–∫—Ü–∏—è: get_message c –ø–æ–∑–∏—Ü–∏–æ–Ω–Ω—ã–º–∏ –∞—Ä–≥—É–º–µ–Ω—Ç–∞–º–∏ (<socket.socket fd=492, family=AddressFamily.AF_INET, type=SocketKind.SOCK_STREAM, proto=0, laddr=('127.0.0.1', 50037), raddr=('127.0.0.1', 8080)>, 1024) –∏ –∏–º–Ω–æ–≤–∞–Ω–Ω—ã–º–∏ –∞—Ä–≥—É–º–µ–Ω—Ç–∞–º–∏ {} –∏–∑ –º–æ–¥—É–ª—è common_tools 
2021-10-01 09:26:36,989 - DEBUG - my_log - –í—ã–∑–≤–∞–Ω–∞ —Ñ—É–Ω–∫—Ü–∏—è: send_message c –ø–æ–∑–∏—Ü–∏–æ–Ω–Ω—ã–º–∏ –∞—Ä–≥—É–º–µ–Ω—Ç–∞–º–∏ (<socket.socket fd=480, family=AddressFamily.AF_INET, type=SocketKind.SOCK_STREAM, proto=0, laddr=('127.0.0.1', 50084), raddr=('127.0.0.1', 8080)>, {'action': 'presence', 'time': 1633069596.989045, 'user': {'account_name': '–∏—Å–º–∏–º–∏–º–∏'}}) –∏ –∏–º–Ω–æ–≤–∞–Ω–Ω—ã–º–∏ –∞—Ä–≥—É–º–µ–Ω—Ç–∞–º–∏ {} –∏–∑ –º–æ–¥—É–ª—è common_tools 
2021-10-01 09:26:36,989 - DEBUG - my_log - –í—ã–∑–≤–∞–Ω–∞ —Ñ—É–Ω–∫—Ü–∏—è: get_message c –ø–æ–∑–∏—Ü–∏–æ–Ω–Ω—ã–º–∏ –∞—Ä–≥—É–º–µ–Ω—Ç–∞–º–∏ (<socket.socket fd=480, family=AddressFamily.AF_INET, type=SocketKind.SOCK_STREAM, proto=0, laddr=('127.0.0.1', 50084), raddr=('127.0.0.1', 8080)>, 1024) –∏ –∏–º–Ω–æ–≤–∞–Ω–Ω—ã–º–∏ –∞—Ä–≥—É–º–µ–Ω—Ç–∞–º–∏ {} –∏–∑ –º–æ–¥—É–ª—è common_tools 
2021-10-01 09:26:40,176 - DEBUG - my_log - –í—ã–∑–≤–∞–Ω–∞ —Ñ—É–Ω–∫—Ü–∏—è: send_message c –ø–æ–∑–∏—Ü–∏–æ–Ω–Ω—ã–º–∏ –∞—Ä–≥—É–º–µ–Ω—Ç–∞–º–∏ (<socket.socket fd=400, family=AddressFamily.AF_INET, type=SocketKind.SOCK_STREAM, proto=0, laddr=('127.0.0.1', 50088), raddr=('127.0.0.1', 8080)>, {'action': 'presence', 'time': 1633069600.1764321, 'user': {'account_name': '–∏–º–∏–º–∏–º–∏–º–∏—Å'}}) –∏ –∏–º–Ω–æ–≤–∞–Ω–Ω—ã–º–∏ –∞—Ä–≥—É–º–µ–Ω—Ç–∞–º–∏ {} –∏–∑ –º–æ–¥—É–ª—è common_tools 
2021-10-01 09:26:40,176 - DEBUG - my_log - –í—ã–∑–≤–∞–Ω–∞ —Ñ—É–Ω–∫—Ü–∏—è: get_message c –ø–æ–∑–∏—Ü–∏–æ–Ω–Ω—ã–º–∏ –∞—Ä–≥—É–º–µ–Ω—Ç–∞–º–∏ (<socket.socket fd=400, family=AddressFamily.AF_INET, type=SocketKind.SOCK_STREAM, proto=0, laddr=('127.0.0.1', 50088), raddr=('127.0.0.1', 8080)>, 1024) –∏ –∏–º–Ω–æ–≤–∞–Ω–Ω—ã–º–∏ –∞—Ä–≥—É–º–µ–Ω—Ç–∞–º–∏ {} –∏–∑ –º–æ–¥—É–ª—è common_tools 
2021-10-01 09:26:52,769 - DEBUG - my_log - –í—ã–∑–≤–∞–Ω–∞ —Ñ—É–Ω–∫—Ü–∏—è: send_message c –ø–æ–∑–∏—Ü–∏–æ–Ω–Ω—ã–º–∏ –∞—Ä–≥—É–º–µ–Ω—Ç–∞–º–∏ (<socket.socket fd=520, family=AddressFamily.AF_INET, type=SocketKind.SOCK_STREAM, proto=0, laddr=('127.0.0.1', 50089), raddr=('127.0.0.1', 8080)>, {'action': 'exit', 'time': 1633069612.7697399, 'account_name': '–∏–º–∏–º–∏–º–∏–º–∏—Å'}) –∏ –∏–º–Ω–æ–≤–∞–Ω–Ω—ã–º–∏ –∞—Ä–≥—É–º–µ–Ω—Ç–∞–º–∏ {} –∏–∑ –º–æ–¥—É–ª—è common_tools 
2021-10-01 16:08:00,579 - INFO - client - –ù–µ —É–¥–∞–ª–æ—Å—å –∑–∞–ø—É—Å—Ç–∏—Ç—å —Å–µ—Ä–≤–µ—Ä. –ê–¥—Ä–µ—Å: localhost, –ø–æ—Ä—Ç: 8080 
2021-10-01 16:08:15,082 - INFO - client - –ù–µ —É–¥–∞–ª–æ—Å—å –∑–∞–ø—É—Å—Ç–∏—Ç—å —Å–µ—Ä–≤–µ—Ä. –ê–¥—Ä–µ—Å: localhost, –ø–æ—Ä—Ç: 8080 
2021-10-01 16:08:15,082 - DEBUG - client - –ó–∞–ø—É—â–µ–Ω –ø–æ—Ç–æ–∫ –Ω–∞ –ø—Ä–∏–µ–º —Å–æ–æ–±—â–µ–Ω–∏–π 
2021-10-01 16:08:15,082 - CRITICAL - client - –ü–æ—Ç–µ—Ä—è–Ω–æ —Å–æ–µ–¥–∏–Ω–µ–Ω–∏–µ —Å —Å–µ—Ä–≤–µ—Ä–æ–º. 
2021-10-01 16:08:15,082 - DEBUG - client - –ó–∞–ø—É—â–µ–Ω –ø–æ—Ç–æ–∫ –Ω–∞ –ø–µ—Ä–µ–¥–∞—á—É —Å–æ–æ–±—â–µ–Ω–∏–π 
2021-10-01 16:09:50,011 - INFO - client - –ù–µ —É–¥–∞–ª–æ—Å—å –∑–∞–ø—É—Å—Ç–∏—Ç—å —Å–µ—Ä–≤–µ—Ä. –ê–¥—Ä–µ—Å: localhost, –ø–æ—Ä—Ç: 8080 
2021-10-01 16:09:50,011 - DEBUG - client - –ó–∞–ø—É—â–µ–Ω –ø–æ—Ç–æ–∫ –Ω–∞ –ø—Ä–∏–µ–º —Å–æ–æ–±—â–µ–Ω–∏–π 
2021-10-01 16:09:50,011 - CRITICAL - client - –ü–æ—Ç–µ—Ä—è–Ω–æ —Å–æ–µ–¥–∏–Ω–µ–Ω–∏–µ —Å —Å–µ—Ä–≤–µ—Ä–æ–º. 
2021-10-01 16:09:50,011 - DEBUG - client - –ó–∞–ø—É—â–µ–Ω –ø–æ—Ç–æ–∫ –Ω–∞ –ø–µ—Ä–µ–¥–∞—á—É —Å–æ–æ–±—â–µ–Ω–∏–π 
2021-10-01 16:11:04,822 - INFO - client - –ù–µ —É–¥–∞–ª–æ—Å—å –∑–∞–ø—É—Å—Ç–∏—Ç—å —Å–µ—Ä–≤–µ—Ä. –ê–¥—Ä–µ—Å: localhost, –ø–æ—Ä—Ç: 8080 
2021-10-01 16:11:04,822 - DEBUG - client - –ó–∞–ø—É—â–µ–Ω –ø–æ—Ç–æ–∫ –Ω–∞ –ø—Ä–∏–µ–º —Å–æ–æ–±—â–µ–Ω–∏–π 
2021-10-01 16:11:04,822 - CRITICAL - client - –ü–æ—Ç–µ—Ä—è–Ω–æ —Å–æ–µ–¥–∏–Ω–µ–Ω–∏–µ —Å —Å–µ—Ä–≤–µ—Ä–æ–º. 
2021-10-01 16:11:04,822 - DEBUG - client - –ó–∞–ø—É—â–µ–Ω –ø–æ—Ç–æ–∫ –Ω–∞ –ø–µ—Ä–µ–¥–∞—á—É —Å–æ–æ–±—â–µ–Ω–∏–π 
2021-10-01 16:13:33,162 - ERROR - client - –ü—Ä–∏ —É—Å—Ç–∞–Ω–æ–≤–∫–µ —Å–æ–µ–¥–∏–Ω–µ–Ω–∏—è —Å–µ—Ä–≤–µ—Ä –≤–µ—Ä–Ω—É–ª –æ—à–∏–±–∫—É: 400 : –ò–º—è –ø–æ–ª—å–∑–æ–≤–∞—Ç–µ–ª—è —É–∂–µ –∑–∞–Ω—è—Ç–æ. 
2021-10-01 16:14:01,041 - DEBUG - client - –ó–∞–ø—É—â–µ–Ω –ø–æ—Ç–æ–∫ –Ω–∞ –ø—Ä–∏–µ–º —Å–æ–æ–±—â–µ–Ω–∏–π 
2021-10-01 16:14:01,041 - DEBUG - client - –ó–∞–ø—É—â–µ–Ω –ø–æ—Ç–æ–∫ –Ω–∞ –ø–µ—Ä–µ–¥–∞—á—É —Å–æ–æ–±—â–µ–Ω–∏–π 
2021-10-01 16:26:43,099 - DEBUG - client - –ó–∞–ø—É—â–µ–Ω –ø–æ—Ç–æ–∫ –Ω–∞ –ø—Ä–∏–µ–º —Å–æ–æ–±—â–µ–Ω–∏–π 
2021-10-01 16:26:43,099 - DEBUG - client - –ó–∞–ø—É—â–µ–Ω –ø–æ—Ç–æ–∫ –Ω–∞ –ø–µ—Ä–µ–¥–∞—á—É —Å–æ–æ–±—â–µ–Ω–∏–π 
2021-10-01 16:30:20,222 - ERROR - client - –ü—Ä–∏ —É—Å—Ç–∞–Ω–æ–≤–∫–µ —Å–æ–µ–¥–∏–Ω–µ–Ω–∏—è —Å–µ—Ä–≤–µ—Ä –≤–µ—Ä–Ω—É–ª –æ—à–∏–±–∫—É: 400 : –ò–º—è –ø–æ–ª—å–∑–æ–≤–∞—Ç–µ–ª—è —É–∂–µ –∑–∞–Ω—è—Ç–æ. 
2021-10-01 16:30:55,135 - DEBUG - client - –ó–∞–ø—É—â–µ–Ω –ø–æ—Ç–æ–∫ –Ω–∞ –ø—Ä–∏–µ–º —Å–æ–æ–±—â–µ–Ω–∏–π 
2021-10-01 16:30:55,135 - DEBUG - client - –ó–∞–ø—É—â–µ–Ω –ø–æ—Ç–æ–∫ –Ω–∞ –ø–µ—Ä–µ–¥–∞—á—É —Å–æ–æ–±—â–µ–Ω–∏–π 
2021-10-01 16:31:12,096 - INFO - client - –ü–æ–ª—É—á–µ–Ω–æ —Å–æ–æ–±—â–µ–Ω–∏–µ –æ—Ç –ø–æ–ª—å–∑–æ–≤–∞—Ç–µ–ª—è n7:
fdsfggsdgsdgddsgdgd 
2021-10-01 16:51:42,125 - DEBUG - client - –ó–∞–ø—É—â–µ–Ω –ø–æ—Ç–æ–∫ –Ω–∞ –ø—Ä–∏–µ–º —Å–æ–æ–±—â–µ–Ω–∏–π 
2021-10-01 16:51:42,125 - DEBUG - client - –ó–∞–ø—É—â–µ–Ω –ø–æ—Ç–æ–∫ –Ω–∞ –ø–µ—Ä–µ–¥–∞—á—É —Å–æ–æ–±—â–µ–Ω–∏–π 
2021-10-01 16:54:08,381 - CRITICAL - client - –ü–æ—Ç–µ—Ä—è–Ω–æ —Å–æ–µ–¥–∏–Ω–µ–Ω–∏–µ —Å —Å–µ—Ä–≤–µ—Ä–æ–º. 
2021-10-01 16:54:23,832 - DEBUG - client - –ó–∞–ø—É—â–µ–Ω –ø–æ—Ç–æ–∫ –Ω–∞ –ø—Ä–∏–µ–º —Å–æ–æ–±—â–µ–Ω–∏–π 
2021-10-01 16:54:23,832 - DEBUG - client - –ó–∞–ø—É—â–µ–Ω –ø–æ—Ç–æ–∫ –Ω–∞ –ø–µ—Ä–µ–¥–∞—á—É —Å–æ–æ–±—â–µ–Ω–∏–π 
2021-10-01 16:54:43,998 - ERROR - client - –ü—Ä–∏ —É—Å—Ç–∞–Ω–æ–≤–∫–µ —Å–æ–µ–¥–∏–Ω–µ–Ω–∏—è —Å–µ—Ä–≤–µ—Ä –≤–µ—Ä–Ω—É–ª –æ—à–∏–±–∫—É: 400 : –ò–º—è –ø–æ–ª—å–∑–æ–≤–∞—Ç–µ–ª—è —É–∂–µ –∑–∞–Ω—è—Ç–æ. 
2021-10-01 16:56:10,144 - DEBUG - client - –ó–∞–ø—É—â–µ–Ω –ø–æ—Ç–æ–∫ –Ω–∞ –ø—Ä–∏–µ–º —Å–æ–æ–±—â–µ–Ω–∏–π 
2021-10-01 16:56:10,144 - DEBUG - client - –ó–∞–ø—É—â–µ–Ω –ø–æ—Ç–æ–∫ –Ω–∞ –ø–µ—Ä–µ–¥–∞—á—É —Å–æ–æ–±—â–µ–Ω–∏–π 
2021-10-01 16:56:20,663 - DEBUG - client - –ó–∞–ø—É—â–µ–Ω –ø–æ—Ç–æ–∫ –Ω–∞ –ø—Ä–∏–µ–º —Å–æ–æ–±—â–µ–Ω–∏–π 
2021-10-01 16:56:20,663 - DEBUG - client - –ó–∞–ø—É—â–µ–Ω –ø–æ—Ç–æ–∫ –Ω–∞ –ø–µ—Ä–µ–¥–∞—á—É —Å–æ–æ–±—â–µ–Ω–∏–π 
2021-10-01 16:58:47,031 - CRITICAL - client - –ü–æ—Ç–µ—Ä—è–Ω–æ —Å–æ–µ–¥–∏–Ω–µ–Ω–∏–µ —Å —Å–µ—Ä–≤–µ—Ä–æ–º. 
2021-10-01 16:58:54,250 - DEBUG - client - –ó–∞–ø—É—â–µ–Ω –ø–æ—Ç–æ–∫ –Ω–∞ –ø—Ä–∏–µ–º —Å–æ–æ–±—â–µ–Ω–∏–π 
2021-10-01 16:58:54,250 - DEBUG - client - –ó–∞–ø—É—â–µ–Ω –ø–æ—Ç–æ–∫ –Ω–∞ –ø–µ—Ä–µ–¥–∞—á—É —Å–æ–æ–±—â–µ–Ω–∏–π 
2021-10-01 16:59:17,723 - DEBUG - client - –ó–∞–ø—É—â–µ–Ω –ø–æ—Ç–æ–∫ –Ω–∞ –ø—Ä–∏–µ–º —Å–æ–æ–±—â–µ–Ω–∏–π 
2021-10-01 16:59:17,738 - DEBUG - client - –ó–∞–ø—É—â–µ–Ω –ø–æ—Ç–æ–∫ –Ω–∞ –ø–µ—Ä–µ–¥–∞—á—É —Å–æ–æ–±—â–µ–Ω–∏–π 
2021-10-01 17:00:50,689 - DEBUG - client - –ó–∞–ø—É—â–µ–Ω –ø–æ—Ç–æ–∫ –Ω–∞ –ø—Ä–∏–µ–º —Å–æ–æ–±—â–µ–Ω–∏–π 
2021-10-01 17:00:50,689 - DEBUG - client - –ó–∞–ø—É—â–µ–Ω –ø–æ—Ç–æ–∫ –Ω–∞ –ø–µ—Ä–µ–¥–∞—á—É —Å–æ–æ–±—â–µ–Ω–∏–π 
2021-10-01 17:27:04,216 - DEBUG - client - –ó–∞–ø—É—â–µ–Ω –ø–æ—Ç–æ–∫ –Ω–∞ –ø—Ä–∏–µ–º —Å–æ–æ–±—â–µ–Ω–∏–π 
2021-10-01 17:27:04,216 - DEBUG - client - –ó–∞–ø—É—â–µ–Ω –ø–æ—Ç–æ–∫ –Ω–∞ –ø–µ—Ä–µ–¥–∞—á—É —Å–æ–æ–±—â–µ–Ω–∏–π 
2021-10-01 17:27:34,794 - DEBUG - client - –ó–∞–ø—É—â–µ–Ω –ø–æ—Ç–æ–∫ –Ω–∞ –ø—Ä–∏–µ–º —Å–æ–æ–±—â–µ–Ω–∏–π 
2021-10-01 17:27:34,794 - DEBUG - client - –ó–∞–ø—É—â–µ–Ω –ø–æ—Ç–æ–∫ –Ω–∞ –ø–µ—Ä–µ–¥–∞—á—É —Å–æ–æ–±—â–µ–Ω–∏–π 
2021-10-01 17:46:43,047 - DEBUG - client - –ó–∞–ø—É—â–µ–Ω –ø–æ—Ç–æ–∫ –Ω–∞ –ø—Ä–∏–µ–º —Å–æ–æ–±—â–µ–Ω–∏–π 
2021-10-01 17:46:43,047 - DEBUG - client - –ó–∞–ø—É—â–µ–Ω –ø–æ—Ç–æ–∫ –Ω–∞ –ø–µ—Ä–µ–¥–∞—á—É —Å–æ–æ–±—â–µ–Ω–∏–π 
2021-10-01 17:47:22,491 - DEBUG - client - –ó–∞–ø—É—â–µ–Ω –ø–æ—Ç–æ–∫ –Ω–∞ –ø—Ä–∏–µ–º —Å–æ–æ–±—â–µ–Ω–∏–π 
2021-10-01 17:47:22,491 - DEBUG - client - –ó–∞–ø—É—â–µ–Ω –ø–æ—Ç–æ–∫ –Ω–∞ –ø–µ—Ä–µ–¥–∞—á—É —Å–æ–æ–±—â–µ–Ω–∏–π 
2021-10-01 17:47:44,114 - DEBUG - client - –ó–∞–ø—É—â–µ–Ω –ø–æ—Ç–æ–∫ –Ω–∞ –ø—Ä–∏–µ–º —Å–æ–æ–±—â–µ–Ω–∏–π 
2021-10-01 17:47:44,114 - DEBUG - client - –ó–∞–ø—É—â–µ–Ω –ø–æ—Ç–æ–∫ –Ω–∞ –ø–µ—Ä–µ–¥–∞—á—É —Å–æ–æ–±—â–µ–Ω–∏–π 
2021-10-01 17:48:01,745 - DEBUG - client - –ó–∞–ø—É—â–µ–Ω –ø–æ—Ç–æ–∫ –Ω–∞ –ø—Ä–∏–µ–º —Å–æ–æ–±—â–µ–Ω–∏–π 
2021-10-01 17:48:01,745 - DEBUG - client - –ó–∞–ø—É—â–µ–Ω –ø–æ—Ç–æ–∫ –Ω–∞ –ø–µ—Ä–µ–¥–∞—á—É —Å–æ–æ–±—â–µ–Ω–∏–π 
2021-10-01 17:48:13,058 - INFO - client - –ü–æ–ª—É—á–µ–Ω–æ —Å–æ–æ–±—â–µ–Ω–∏–µ –æ—Ç –ø–æ–ª—å–∑–æ–≤–∞—Ç–µ–ª—è n1:
gdhdhhdg 
2021-10-01 17:48:45,503 - INFO - client - –ü–æ–ª—É—á–µ–Ω–æ —Å–æ–æ–±—â–µ–Ω–∏–µ –æ—Ç –ø–æ–ª—å–∑–æ–≤–∞—Ç–µ–ª—è n2:
hello! 
2021-10-01 19:24:06,624 - CRITICAL - client - –ù–µ —É–¥–∞–ª–æ—Å—å –ø–æ–¥–∫–ª—é—á–∏—Ç—å—Å—è –∫ —Å–µ—Ä–≤–µ—Ä—É localhost:8080. 
2021-10-01 19:24:47,502 - CRITICAL - client - –ù–µ —É–¥–∞–ª–æ—Å—å –ø–æ–¥–∫–ª—é—á–∏—Ç—å—Å—è –∫ —Å–µ—Ä–≤–µ—Ä—É localhost:8080. 
2021-10-01 19:27:15,774 - DEBUG - client - –ó–∞–ø—É—â–µ–Ω –ø–æ—Ç–æ–∫ –Ω–∞ –ø—Ä–∏–µ–º —Å–æ–æ–±—â–µ–Ω–∏–π 
2021-10-01 19:27:15,774 - DEBUG - client - –ó–∞–ø—É—â–µ–Ω –ø–æ—Ç–æ–∫ –Ω–∞ –ø–µ—Ä–µ–¥–∞—á—É —Å–æ–æ–±—â–µ–Ω–∏–π 
2021-10-01 19:27:21,794 - DEBUG - client - –ó–∞–ø—É—â–µ–Ω –ø–æ—Ç–æ–∫ –Ω–∞ –ø—Ä–∏–µ–º —Å–æ–æ–±—â–µ–Ω–∏–π 
2021-10-01 19:27:21,794 - DEBUG - client - –ó–∞–ø—É—â–µ–Ω –ø–æ—Ç–æ–∫ –Ω–∞ –ø–µ—Ä–µ–¥–∞—á—É —Å–æ–æ–±—â–µ–Ω–∏–π 
2021-10-01 19:27:34,610 - INFO - client - –ü–æ–ª—É—á–µ–Ω–æ —Å–æ–æ–±—â–µ–Ω–∏–µ –æ—Ç –ø–æ–ª—å–∑–æ–≤–∞—Ç–µ–ª—è n2:
fsdgdsgsd 
2021-10-08 14:46:09,003 - DEBUG - client - –ó–∞–ø—É—â–µ–Ω –ø–æ—Ç–æ–∫ –Ω–∞ –ø—Ä–∏–µ–º —Å–æ–æ–±—â–µ–Ω–∏–π 
2021-10-08 14:46:09,003 - DEBUG - client - –ó–∞–ø—É—â–µ–Ω –ø–æ—Ç–æ–∫ –Ω–∞ –ø–µ—Ä–µ–¥–∞—á—É —Å–æ–æ–±—â–µ–Ω–∏–π 
2021-10-08 14:46:11,518 - DEBUG - client - –ó–∞–ø—É—â–µ–Ω –ø–æ—Ç–æ–∫ –Ω–∞ –ø—Ä–∏–µ–º —Å–æ–æ–±—â–µ–Ω–∏–π 
2021-10-08 14:46:11,518 - DEBUG - client - –ó–∞–ø—É—â–µ–Ω –ø–æ—Ç–æ–∫ –Ω–∞ –ø–µ—Ä–µ–¥–∞—á—É —Å–æ–æ–±—â–µ–Ω–∏–π 
2021-10-08 17:22:28,124 - DEBUG - client - –ó–∞–ø—É—â–µ–Ω –ø–æ—Ç–æ–∫ –Ω–∞ –ø—Ä–∏–µ–º —Å–æ–æ–±—â–µ–Ω–∏–π 
2021-10-08 17:22:28,124 - DEBUG - client - –ó–∞–ø—É—â–µ–Ω –ø–æ—Ç–æ–∫ –Ω–∞ –ø–µ—Ä–µ–¥–∞—á—É —Å–æ–æ–±—â–µ–Ω–∏–π 
2021-10-08 17:22:32,877 - DEBUG - client - –ó–∞–ø—É—â–µ–Ω –ø–æ—Ç–æ–∫ –Ω–∞ –ø—Ä–∏–µ–º —Å–æ–æ–±—â–µ–Ω–∏–π 
2021-10-08 17:22:32,877 - DEBUG - client - –ó–∞–ø—É—â–µ–Ω –ø–æ—Ç–æ–∫ –Ω–∞ –ø–µ—Ä–µ–¥–∞—á—É —Å–æ–æ–±—â–µ–Ω–∏–π 
2021-10-08 17:35:41,317 - DEBUG - client - –ó–∞–ø—É—â–µ–Ω –ø–æ—Ç–æ–∫ –Ω–∞ –ø—Ä–∏–µ–º —Å–æ–æ–±—â–µ–Ω–∏–π 
2021-10-08 17:35:41,317 - DEBUG - client - –ó–∞–ø—É—â–µ–Ω –ø–æ—Ç–æ–∫ –Ω–∞ –ø–µ—Ä–µ–¥–∞—á—É —Å–æ–æ–±—â–µ–Ω–∏–π 
2021-10-08 17:35:44,341 - DEBUG - client - –ó–∞–ø—É—â–µ–Ω –ø–æ—Ç–æ–∫ –Ω–∞ –ø—Ä–∏–µ–º —Å–æ–æ–±—â–µ–Ω–∏–π 
2021-10-08 17:35:44,341 - DEBUG - client - –ó–∞–ø—É—â–µ–Ω –ø–æ—Ç–æ–∫ –Ω–∞ –ø–µ—Ä–µ–¥–∞—á—É —Å–æ–æ–±—â–µ–Ω–∏–π 
2021-10-08 17:39:18,493 - CRITICAL - client - –ù–µ —É–¥–∞–ª–æ—Å—å –ø–æ–¥–∫–ª—é—á–∏—Ç—å—Å—è –∫ —Å–µ—Ä–≤–µ—Ä—É localhost:8080. 
2021-10-08 17:39:25,872 - DEBUG - client - –ó–∞–ø—É—â–µ–Ω –ø–æ—Ç–æ–∫ –Ω–∞ –ø—Ä–∏–µ–º —Å–æ–æ–±—â–µ–Ω–∏–π 
2021-10-08 17:39:25,872 - DEBUG - client - –ó–∞–ø—É—â–µ–Ω –ø–æ—Ç–æ–∫ –Ω–∞ –ø–µ—Ä–µ–¥–∞—á—É —Å–æ–æ–±—â–µ–Ω–∏–π 
2021-10-08 17:39:29,336 - DEBUG - client - –ó–∞–ø—É—â–µ–Ω –ø–æ—Ç–æ–∫ –Ω–∞ –ø—Ä–∏–µ–º —Å–æ–æ–±—â–µ–Ω–∏–π 
2021-10-08 17:39:29,336 - DEBUG - client - –ó–∞–ø—É—â–µ–Ω –ø–æ—Ç–æ–∫ –Ω–∞ –ø–µ—Ä–µ–¥–∞—á—É —Å–æ–æ–±—â–µ–Ω–∏–π 
2021-10-08 17:40:49,851 - DEBUG - client - –ó–∞–ø—É—â–µ–Ω –ø–æ—Ç–æ–∫ –Ω–∞ –ø—Ä–∏–µ–º —Å–æ–æ–±—â–µ–Ω–∏–π 
2021-10-08 17:40:49,851 - DEBUG - client - –ó–∞–ø—É—â–µ–Ω –ø–æ—Ç–æ–∫ –Ω–∞ –ø–µ—Ä–µ–¥–∞—á—É —Å–æ–æ–±—â–µ–Ω–∏–π 
2021-10-08 17:40:53,788 - DEBUG - client - –ó–∞–ø—É—â–µ–Ω –ø–æ—Ç–æ–∫ –Ω–∞ –ø—Ä–∏–µ–º —Å–æ–æ–±—â–µ–Ω–∏–π 
2021-10-08 17:40:53,788 - DEBUG - client - –ó–∞–ø—É—â–µ–Ω –ø–æ—Ç–æ–∫ –Ω–∞ –ø–µ—Ä–µ–¥–∞—á—É —Å–æ–æ–±—â–µ–Ω–∏–π 
2021-10-08 17:42:12,557 - CRITICAL - client - –ü–æ—Ç–µ—Ä—è–Ω–æ —Å–æ–µ–¥–∏–Ω–µ–Ω–∏–µ —Å —Å–µ—Ä–≤–µ—Ä–æ–º. 
2021-10-08 17:42:18,924 - DEBUG - client - –ó–∞–ø—É—â–µ–Ω –ø–æ—Ç–æ–∫ –Ω–∞ –ø—Ä–∏–µ–º —Å–æ–æ–±—â–µ–Ω–∏–π 
2021-10-08 17:42:18,924 - DEBUG - client - –ó–∞–ø—É—â–µ–Ω –ø–æ—Ç–æ–∫ –Ω–∞ –ø–µ—Ä–µ–¥–∞—á—É —Å–æ–æ–±—â–µ–Ω–∏–π 
2021-10-08 17:42:23,332 - DEBUG - client - –ó–∞–ø—É—â–µ–Ω –ø–æ—Ç–æ–∫ –Ω–∞ –ø—Ä–∏–µ–º —Å–æ–æ–±—â–µ–Ω–∏–π 
2021-10-08 17:42:23,332 - DEBUG - client - –ó–∞–ø—É—â–µ–Ω –ø–æ—Ç–æ–∫ –Ω–∞ –ø–µ—Ä–µ–¥–∞—á—É —Å–æ–æ–±—â–µ–Ω–∏–π 
2021-10-08 17:44:10,193 - DEBUG - client - –ó–∞–ø—É—â–µ–Ω –ø–æ—Ç–æ–∫ –Ω–∞ –ø—Ä–∏–µ–º —Å–æ–æ–±—â–µ–Ω–∏–π 
2021-10-08 17:44:10,193 - DEBUG - client - –ó–∞–ø—É—â–µ–Ω –ø–æ—Ç–æ–∫ –Ω–∞ –ø–µ—Ä–µ–¥–∞—á—É —Å–æ–æ–±—â–µ–Ω–∏–π 
2021-10-08 17:44:15,278 - DEBUG - client - –ó–∞–ø—É—â–µ–Ω –ø–æ—Ç–æ–∫ –Ω–∞ –ø—Ä–∏–µ–º —Å–æ–æ–±—â–µ–Ω–∏–π 
2021-10-08 17:44:15,278 - DEBUG - client - –ó–∞–ø—É—â–µ–Ω –ø–æ—Ç–æ–∫ –Ω–∞ –ø–µ—Ä–µ–¥–∞—á—É —Å–æ–æ–±—â–µ–Ω–∏–π 
2021-10-08 17:46:37,318 - DEBUG - client - –ó–∞–ø—É—â–µ–Ω –ø–æ—Ç–æ–∫ –Ω–∞ –ø—Ä–∏–µ–º —Å–æ–æ–±—â–µ–Ω–∏–π 
2021-10-08 17:46:37,318 - DEBUG - client - –ó–∞–ø—É—â–µ–Ω –ø–æ—Ç–æ–∫ –Ω–∞ –ø–µ—Ä–µ–¥–∞—á—É —Å–æ–æ–±—â–µ–Ω–∏–π 
2021-10-08 17:50:24,388 - DEBUG - client - –ó–∞–ø—É—â–µ–Ω –ø–æ—Ç–æ–∫ –Ω–∞ –ø—Ä–∏–µ–º —Å–æ–æ–±—â–µ–Ω–∏–π 
2021-10-08 17:50:24,388 - DEBUG - client - –ó–∞–ø—É—â–µ–Ω –ø–æ—Ç–æ–∫ –Ω–∞ –ø–µ—Ä–µ–¥–∞—á—É —Å–æ–æ–±—â–µ–Ω–∏–π 
2021-10-08 17:55:39,897 - DEBUG - client - –ó–∞–ø—É—â–µ–Ω –ø–æ—Ç–æ–∫ –Ω–∞ –ø—Ä–∏–µ–º —Å–æ–æ–±—â–µ–Ω–∏–π 
2021-10-08 17:55:39,897 - DEBUG - client - –ó–∞–ø—É—â–µ–Ω –ø–æ—Ç–æ–∫ –Ω–∞ –ø–µ—Ä–µ–¥–∞—á—É —Å–æ–æ–±—â–µ–Ω–∏–π 
2021-10-08 17:55:44,055 - DEBUG - client - –ó–∞–ø—É—â–µ–Ω –ø–æ—Ç–æ–∫ –Ω–∞ –ø—Ä–∏–µ–º —Å–æ–æ–±—â–µ–Ω–∏–π 
2021-10-08 17:55:44,055 - DEBUG - client - –ó–∞–ø—É—â–µ–Ω –ø–æ—Ç–æ–∫ –Ω–∞ –ø–µ—Ä–µ–¥–∞—á—É —Å–æ–æ–±—â–µ–Ω–∏–π 
2021-10-08 17:56:43,435 - DEBUG - client - –ó–∞–ø—É—â–µ–Ω –ø–æ—Ç–æ–∫ –Ω–∞ –ø—Ä–∏–µ–º —Å–æ–æ–±—â–µ–Ω–∏–π 
2021-10-08 17:56:43,435 - DEBUG - client - –ó–∞–ø—É—â–µ–Ω –ø–æ—Ç–æ–∫ –Ω–∞ –ø–µ—Ä–µ–¥–∞—á—É —Å–æ–æ–±—â–µ–Ω–∏–π 
2021-10-08 17:59:07,254 - DEBUG - client - –ó–∞–ø—É—â–µ–Ω –ø–æ—Ç–æ–∫ –Ω–∞ –ø—Ä–∏–µ–º —Å–æ–æ–±—â–µ–Ω–∏–π 
2021-10-08 17:59:07,254 - DEBUG - client - –ó–∞–ø—É—â–µ–Ω –ø–æ—Ç–æ–∫ –Ω–∞ –ø–µ—Ä–µ–¥–∞—á—É —Å–æ–æ–±—â–µ–Ω–∏–π 
2021-10-08 18:01:20,178 - DEBUG - client - –ó–∞–ø—É—â–µ–Ω –ø–æ—Ç–æ–∫ –Ω–∞ –ø—Ä–∏–µ–º —Å–æ–æ–±—â–µ–Ω–∏–π 
2021-10-08 18:01:20,178 - DEBUG - client - –ó–∞–ø—É—â–µ–Ω –ø–æ—Ç–æ–∫ –Ω–∞ –ø–µ—Ä–µ–¥–∞—á—É —Å–æ–æ–±—â–µ–Ω–∏–π 
2021-10-08 18:05:54,126 - DEBUG - client - –ó–∞–ø—É—â–µ–Ω –ø–æ—Ç–æ–∫ –Ω–∞ –ø—Ä–∏–µ–º —Å–æ–æ–±—â–µ–Ω–∏–π 
2021-10-08 18:05:54,126 - DEBUG - client - –ó–∞–ø—É—â–µ–Ω –ø–æ—Ç–æ–∫ –Ω–∞ –ø–µ—Ä–µ–¥–∞—á—É —Å–æ–æ–±—â–µ–Ω–∏–π 
2021-10-08 18:05:58,749 - DEBUG - client - –ó–∞–ø—É—â–µ–Ω –ø–æ—Ç–æ–∫ –Ω–∞ –ø—Ä–∏–µ–º —Å–æ–æ–±—â–µ–Ω–∏–π 
2021-10-08 18:05:58,749 - DEBUG - client - –ó–∞–ø—É—â–µ–Ω –ø–æ—Ç–æ–∫ –Ω–∞ –ø–µ—Ä–µ–¥–∞—á—É —Å–æ–æ–±—â–µ–Ω–∏–π 
2021-10-08 18:08:00,853 - DEBUG - client - –ó–∞–ø—É—â–µ–Ω –ø–æ—Ç–æ–∫ –Ω–∞ –ø—Ä–∏–µ–º —Å–æ–æ–±—â–µ–Ω–∏–π 
2021-10-08 18:08:00,853 - DEBUG - client - –ó–∞–ø—É—â–µ–Ω –ø–æ—Ç–æ–∫ –Ω–∞ –ø–µ—Ä–µ–¥–∞—á—É —Å–æ–æ–±—â–µ–Ω–∏–π 
2021-10-08 18:08:05,140 - DEBUG - client - –ó–∞–ø—É—â–µ–Ω –ø–æ—Ç–æ–∫ –Ω–∞ –ø—Ä–∏–µ–º —Å–æ–æ–±—â–µ–Ω–∏–π 
2021-10-08 18:08:05,140 - DEBUG - client - –ó–∞–ø—É—â–µ–Ω –ø–æ—Ç–æ–∫ –Ω–∞ –ø–µ—Ä–µ–¥–∞—á—É —Å–æ–æ–±—â–µ–Ω–∏–π 
2021-10-08 18:08:22,188 - DEBUG - client - –ó–∞–ø—É—â–µ–Ω –ø–æ—Ç–æ–∫ –Ω–∞ –ø—Ä–∏–µ–º —Å–æ–æ–±—â–µ–Ω–∏–π 
2021-10-08 18:08:22,188 - DEBUG - client - –ó–∞–ø—É—â–µ–Ω –ø–æ—Ç–æ–∫ –Ω–∞ –ø–µ—Ä–µ–¥–∞—á—É —Å–æ–æ–±—â–µ–Ω–∏–π 
2021-10-08 18:08:52,298 - DEBUG - client - –ó–∞–ø—É—â–µ–Ω –ø–æ—Ç–æ–∫ –Ω–∞ –ø—Ä–∏–µ–º —Å–æ–æ–±—â–µ–Ω–∏–π 
2021-10-08 18:08:52,298 - DEBUG - client - –ó–∞–ø—É—â–µ–Ω –ø–æ—Ç–æ–∫ –Ω–∞ –ø–µ—Ä–µ–¥–∞—á—É —Å–æ–æ–±—â–µ–Ω–∏–π 
2021-10-08 18:09:05,139 - INFO - client - –ü–æ–ª—É—á–µ–Ω–æ —Å–æ–æ–±—â–µ–Ω–∏–µ –æ—Ç –ø–æ–ª—å–∑–æ–≤–∞—Ç–µ–ª—è fdsfdf:
vdcdasdcdc 
2021-10-08 18:10:15,699 - DEBUG - client - –ó–∞–ø—É—â–µ–Ω –ø–æ—Ç–æ–∫ –Ω–∞ –ø—Ä–∏–µ–º —Å–æ–æ–±—â–µ–Ω–∏–π 
2021-10-08 18:10:15,699 - DEBUG - client - –ó–∞–ø—É—â–µ–Ω –ø–æ—Ç–æ–∫ –Ω–∞ –ø–µ—Ä–µ–¥–∞—á—É —Å–æ–æ–±—â–µ–Ω–∏–π 
2021-10-08 18:10:18,886 - DEBUG - client - –ó–∞–ø—É—â–µ–Ω –ø–æ—Ç–æ–∫ –Ω–∞ –ø—Ä–∏–µ–º —Å–æ–æ–±—â–µ–Ω–∏–π 
2021-10-08 18:10:18,886 - DEBUG - client - –ó–∞–ø—É—â–µ–Ω –ø–æ—Ç–æ–∫ –Ω–∞ –ø–µ—Ä–µ–¥–∞—á—É —Å–æ–æ–±—â–µ–Ω–∏–π 
2021-10-08 18:10:48,082 - DEBUG - client - –ó–∞–ø—É—â–µ–Ω –ø–æ—Ç–æ–∫ –Ω–∞ –ø—Ä–∏–µ–º —Å–æ–æ–±—â–µ–Ω–∏–π 
2021-10-08 18:10:48,082 - DEBUG - client - –ó–∞–ø—É—â–µ–Ω –ø–æ—Ç–æ–∫ –Ω–∞ –ø–µ—Ä–µ–¥–∞—á—É —Å–æ–æ–±—â–µ–Ω–∏–π 
2021-10-08 18:10:51,123 - DEBUG - client - –ó–∞–ø—É—â–µ–Ω –ø–æ—Ç–æ–∫ –Ω–∞ –ø—Ä–∏–µ–º —Å–æ–æ–±—â–µ–Ω–∏–π 
2021-10-08 18:10:51,123 - DEBUG - client - –ó–∞–ø—É—â–µ–Ω –ø–æ—Ç–æ–∫ –Ω–∞ –ø–µ—Ä–µ–¥–∞—á—É —Å–æ–æ–±—â–µ–Ω–∏–π 
2021-10-08 18:11:24,421 - DEBUG - client - –ó–∞–ø—É—â–µ–Ω –ø–æ—Ç–æ–∫ –Ω–∞ –ø—Ä–∏–µ–º —Å–æ–æ–±—â–µ–Ω–∏–π 
2021-10-08 18:11:24,421 - DEBUG - client - –ó–∞–ø—É—â–µ–Ω –ø–æ—Ç–æ–∫ –Ω–∞ –ø–µ—Ä–µ–¥–∞—á—É —Å–æ–æ–±—â–µ–Ω–∏–π 
2021-10-08 18:20:15,483 - DEBUG - client - –ó–∞–ø—É—â–µ–Ω –ø–æ—Ç–æ–∫ –Ω–∞ –ø—Ä–∏–µ–º —Å–æ–æ–±—â–µ–Ω–∏–π 
2021-10-08 18:20:15,483 - DEBUG - client - –ó–∞–ø—É—â–µ–Ω –ø–æ—Ç–æ–∫ –Ω–∞ –ø–µ—Ä–µ–¥–∞—á—É —Å–æ–æ–±—â–µ–Ω–∏–π 
2021-10-08 18:21:02,046 - CRITICAL - client - –ü–æ—Ç–µ—Ä—è–Ω–æ —Å–æ–µ–¥–∏–Ω–µ–Ω–∏–µ —Å —Å–µ—Ä–≤–µ—Ä–æ–º. 
2021-10-08 18:21:09,076 - DEBUG - client - –ó–∞–ø—É—â–µ–Ω –ø–æ—Ç–æ–∫ –Ω–∞ –ø—Ä–∏–µ–º —Å–æ–æ–±—â–µ–Ω–∏–π 
2021-10-08 18:21:09,076 - DEBUG - client - –ó–∞–ø—É—â–µ–Ω –ø–æ—Ç–æ–∫ –Ω–∞ –ø–µ—Ä–µ–¥–∞—á—É —Å–æ–æ–±—â–µ–Ω–∏–π 
2021-10-08 18:21:26,068 - DEBUG - client - –ó–∞–ø—É—â–µ–Ω –ø–æ—Ç–æ–∫ –Ω–∞ –ø—Ä–∏–µ–º —Å–æ–æ–±—â–µ–Ω–∏–π 
2021-10-08 18:21:26,068 - DEBUG - client - –ó–∞–ø—É—â–µ–Ω –ø–æ—Ç–æ–∫ –Ω–∞ –ø–µ—Ä–µ–¥–∞—á—É —Å–æ–æ–±—â–µ–Ω–∏–π 
2021-10-08 18:22:48,935 - DEBUG - client - –ó–∞–ø—É—â–µ–Ω –ø–æ—Ç–æ–∫ –Ω–∞ –ø—Ä–∏–µ–º —Å–æ–æ–±—â–µ–Ω–∏–π 
2021-10-08 18:22:48,935 - DEBUG - client - –ó–∞–ø—É—â–µ–Ω –ø–æ—Ç–æ–∫ –Ω–∞ –ø–µ—Ä–µ–¥–∞—á—É —Å–æ–æ–±—â–µ–Ω–∏–π 
2021-10-08 18:25:04,887 - DEBUG - client - –ó–∞–ø—É—â–µ–Ω –ø–æ—Ç–æ–∫ –Ω–∞ –ø—Ä–∏–µ–º —Å–æ–æ–±—â–µ–Ω–∏–π 
2021-10-08 18:25:04,887 - DEBUG - client - –ó–∞–ø—É—â–µ–Ω –ø–æ—Ç–æ–∫ –Ω–∞ –ø–µ—Ä–µ–¥–∞—á—É —Å–æ–æ–±—â–µ–Ω–∏–π 
2021-10-08 18:25:24,264 - CRITICAL - client - –ü–æ—Ç–µ—Ä—è–Ω–æ —Å–æ–µ–¥–∏–Ω–µ–Ω–∏–µ —Å —Å–µ—Ä–≤–µ—Ä–æ–º. 
2021-10-08 18:25:30,234 - DEBUG - client - –ó–∞–ø—É—â–µ–Ω –ø–æ—Ç–æ–∫ –Ω–∞ –ø—Ä–∏–µ–º —Å–æ–æ–±—â–µ–Ω–∏–π 
2021-10-08 18:25:30,234 - DEBUG - client - –ó–∞–ø—É—â–µ–Ω –ø–æ—Ç–æ–∫ –Ω–∞ –ø–µ—Ä–µ–¥–∞—á—É —Å–æ–æ–±—â–µ–Ω–∏–π 
2021-10-08 18:25:39,543 - DEBUG - client - –ó–∞–ø—É—â–µ–Ω –ø–æ—Ç–æ–∫ –Ω–∞ –ø—Ä–∏–µ–º —Å–æ–æ–±—â–µ–Ω–∏–π 
2021-10-08 18:25:39,543 - DEBUG - client - –ó–∞–ø—É—â–µ–Ω –ø–æ—Ç–æ–∫ –Ω–∞ –ø–µ—Ä–µ–¥–∞—á—É —Å–æ–æ–±—â–µ–Ω–∏–π 
2021-10-08 18:30:23,341 - DEBUG - client - –ó–∞–ø—É—â–µ–Ω –ø–æ—Ç–æ–∫ –Ω–∞ –ø—Ä–∏–µ–º —Å–æ–æ–±—â–µ–Ω–∏–π 
2021-10-08 18:30:23,341 - DEBUG - client - –ó–∞–ø—É—â–µ–Ω –ø–æ—Ç–æ–∫ –Ω–∞ –ø–µ—Ä–µ–¥–∞—á—É —Å–æ–æ–±—â–µ–Ω–∏–π 
2021-10-08 18:33:35,078 - DEBUG - client - –ó–∞–ø—É—â–µ–Ω –ø–æ—Ç–æ–∫ –Ω–∞ –ø—Ä–∏–µ–º —Å–æ–æ–±—â–µ–Ω–∏–π 
2021-10-08 18:33:35,078 - DEBUG - client - –ó–∞–ø—É—â–µ–Ω –ø–æ—Ç–æ–∫ –Ω–∞ –ø–µ—Ä–µ–¥–∞—á—É —Å–æ–æ–±—â–µ–Ω–∏–π 
2021-10-08 18:35:12,375 - DEBUG - client - –ó–∞–ø—É—â–µ–Ω –ø–æ—Ç–æ–∫ –Ω–∞ –ø—Ä–∏–µ–º —Å–æ–æ–±—â–µ–Ω–∏–π 
2021-10-08 18:35:12,375 - DEBUG - client - –ó–∞–ø—É—â–µ–Ω –ø–æ—Ç–æ–∫ –Ω–∞ –ø–µ—Ä–µ–¥–∞—á—É —Å–æ–æ–±—â–µ–Ω–∏–π 
2021-10-08 18:35:27,283 - DEBUG - client - –ó–∞–ø—É—â–µ–Ω –ø–æ—Ç–æ–∫ –Ω–∞ –ø—Ä–∏–µ–º —Å–æ–æ–±—â–µ–Ω–∏–π 
2021-10-08 18:35:27,283 - DEBUG - client - –ó–∞–ø—É—â–µ–Ω –ø–æ—Ç–æ–∫ –Ω–∞ –ø–µ—Ä–µ–¥–∞—á—É —Å–æ–æ–±—â–µ–Ω–∏–π 
2021-10-08 18:40:37,596 - DEBUG - client - –ó–∞–ø—É—â–µ–Ω –ø–æ—Ç–æ–∫ –Ω–∞ –ø—Ä–∏–µ–º —Å–æ–æ–±—â–µ–Ω–∏–π 
2021-10-08 18:40:37,596 - DEBUG - client - –ó–∞–ø—É—â–µ–Ω –ø–æ—Ç–æ–∫ –Ω–∞ –ø–µ—Ä–µ–¥–∞—á—É —Å–æ–æ–±—â–µ–Ω–∏–π 
2021-10-08 18:40:55,050 - DEBUG - client - –ó–∞–ø—É—â–µ–Ω –ø–æ—Ç–æ–∫ –Ω–∞ –ø—Ä–∏–µ–º —Å–æ–æ–±—â–µ–Ω–∏–π 
2021-10-08 18:40:55,050 - DEBUG - client - –ó–∞–ø—É—â–µ–Ω –ø–æ—Ç–æ–∫ –Ω–∞ –ø–µ—Ä–µ–¥–∞—á—É —Å–æ–æ–±—â–µ–Ω–∏–π 
2021-10-08 18:43:49,564 - DEBUG - client - –ó–∞–ø—É—â–µ–Ω –ø–æ—Ç–æ–∫ –Ω–∞ –ø—Ä–∏–µ–º —Å–æ–æ–±—â–µ–Ω–∏–π 
2021-10-08 18:43:49,564 - DEBUG - client - –ó–∞–ø—É—â–µ–Ω –ø–æ—Ç–æ–∫ –Ω–∞ –ø–µ—Ä–µ–¥–∞—á—É —Å–æ–æ–±—â–µ–Ω–∏–π 
2021-10-08 18:44:10,924 - DEBUG - client - –ó–∞–ø—É—â–µ–Ω –ø–æ—Ç–æ–∫ –Ω–∞ –ø—Ä–∏–µ–º —Å–æ–æ–±—â–µ–Ω–∏–π 
2021-10-08 18:44:10,924 - DEBUG - client - –ó–∞–ø—É—â–µ–Ω –ø–æ—Ç–æ–∫ –Ω–∞ –ø–µ—Ä–µ–¥–∞—á—É —Å–æ–æ–±—â–µ–Ω–∏–π 
2021-10-08 18:53:35,780 - DEBUG - client - –ó–∞–ø—É—â–µ–Ω –ø–æ—Ç–æ–∫ –Ω–∞ –ø—Ä–∏–µ–º —Å–æ–æ–±—â–µ–Ω–∏–π 
2021-10-08 18:53:35,780 - DEBUG - client - –ó–∞–ø—É—â–µ–Ω –ø–æ—Ç–æ–∫ –Ω–∞ –ø–µ—Ä–µ–¥–∞—á—É —Å–æ–æ–±—â–µ–Ω–∏–π 
2021-10-08 18:54:04,248 - DEBUG - client - –ó–∞–ø—É—â–µ–Ω –ø–æ—Ç–æ–∫ –Ω–∞ –ø—Ä–∏–µ–º —Å–æ–æ–±—â–µ–Ω–∏–π 
2021-10-08 18:54:04,248 - DEBUG - client - –ó–∞–ø—É—â–µ–Ω –ø–æ—Ç–æ–∫ –Ω–∞ –ø–µ—Ä–µ–¥–∞—á—É —Å–æ–æ–±—â–µ–Ω–∏–π 
2021-10-08 18:54:21,119 - CRITICAL - client - –ü–æ—Ç–µ—Ä—è–Ω–æ —Å–æ–µ–¥–∏–Ω–µ–Ω–∏–µ —Å —Å–µ—Ä–≤–µ—Ä–æ–º. 
2021-10-08 18:54:28,796 - DEBUG - client - –ó–∞–ø—É—â–µ–Ω –ø–æ—Ç–æ–∫ –Ω–∞ –ø—Ä–∏–µ–º —Å–æ–æ–±—â–µ–Ω–∏–π 
2021-10-08 18:54:28,796 - DEBUG - client - –ó–∞–ø—É—â–µ–Ω –ø–æ—Ç–æ–∫ –Ω–∞ –ø–µ—Ä–µ–¥–∞—á—É —Å–æ–æ–±—â–µ–Ω–∏–π 
2021-10-08 18:54:47,344 - DEBUG - client - –ó–∞–ø—É—â–µ–Ω –ø–æ—Ç–æ–∫ –Ω–∞ –ø—Ä–∏–µ–º —Å–æ–æ–±—â–µ–Ω–∏–π 
2021-10-08 18:54:47,344 - DEBUG - client - –ó–∞–ø—É—â–µ–Ω –ø–æ—Ç–æ–∫ –Ω–∞ –ø–µ—Ä–µ–¥–∞—á—É —Å–æ–æ–±—â–µ–Ω–∏–π 
2021-10-08 18:55:08,909 - DEBUG - client - –ó–∞–ø—É—â–µ–Ω –ø–æ—Ç–æ–∫ –Ω–∞ –ø—Ä–∏–µ–º —Å–æ–æ–±—â–µ–Ω–∏–π 
2021-10-08 18:55:08,909 - DEBUG - client - –ó–∞–ø—É—â–µ–Ω –ø–æ—Ç–æ–∫ –Ω–∞ –ø–µ—Ä–µ–¥–∞—á—É —Å–æ–æ–±—â–µ–Ω–∏–π 
2021-10-08 18:55:54,887 - DEBUG - client - –ó–∞–ø—É—â–µ–Ω –ø–æ—Ç–æ–∫ –Ω–∞ –ø—Ä–∏–µ–º —Å–æ–æ–±—â–µ–Ω–∏–π 
2021-10-08 18:55:54,887 - DEBUG - client - –ó–∞–ø—É—â–µ–Ω –ø–æ—Ç–æ–∫ –Ω–∞ –ø–µ—Ä–µ–¥–∞—á—É —Å–æ–æ–±—â–µ–Ω–∏–π 
2021-10-08 18:56:02,830 - DEBUG - client - –ó–∞–ø—É—â–µ–Ω –ø–æ—Ç–æ–∫ –Ω–∞ –ø—Ä–∏–µ–º —Å–æ–æ–±—â–µ–Ω–∏–π 
2021-10-08 18:56:02,830 - DEBUG - client - –ó–∞–ø—É—â–µ–Ω –ø–æ—Ç–æ–∫ –Ω–∞ –ø–µ—Ä–µ–¥–∞—á—É —Å–æ–æ–±—â–µ–Ω–∏–π 
2021-10-08 18:56:26,369 - DEBUG - client - –ó–∞–ø—É—â–µ–Ω –ø–æ—Ç–æ–∫ –Ω–∞ –ø—Ä–∏–µ–º —Å–æ–æ–±—â–µ–Ω–∏–π 
2021-10-08 18:56:26,369 - DEBUG - client - –ó–∞–ø—É—â–µ–Ω –ø–æ—Ç–æ–∫ –Ω–∞ –ø–µ—Ä–µ–¥–∞—á—É —Å–æ–æ–±—â–µ–Ω–∏–π 
2021-10-08 18:56:55,688 - DEBUG - client - –ó–∞–ø—É—â–µ–Ω –ø–æ—Ç–æ–∫ –Ω–∞ –ø—Ä–∏–µ–º —Å–æ–æ–±—â–µ–Ω–∏–π 
2021-10-08 18:56:55,688 - DEBUG - client - –ó–∞–ø—É—â–µ–Ω –ø–æ—Ç–æ–∫ –Ω–∞ –ø–µ—Ä–µ–¥–∞—á—É —Å–æ–æ–±—â–µ–Ω–∏–π 
2021-10-08 19:05:16,106 - DEBUG - client - –ó–∞–ø—É—â–µ–Ω –ø–æ—Ç–æ–∫ –Ω–∞ –ø—Ä–∏–µ–º —Å–æ–æ–±—â–µ–Ω–∏–π 
2021-10-08 19:05:16,106 - DEBUG - client - –ó–∞–ø—É—â–µ–Ω –ø–æ—Ç–æ–∫ –Ω–∞ –ø–µ—Ä–µ–¥–∞—á—É —Å–æ–æ–±—â–µ–Ω–∏–π 
2021-10-08 19:05:30,248 - DEBUG - client - –ó–∞–ø—É—â–µ–Ω –ø–æ—Ç–æ–∫ –Ω–∞ –ø—Ä–∏–µ–º —Å–æ–æ–±—â–µ–Ω–∏–π 
2021-10-08 19:05:30,248 - DEBUG - client - –ó–∞–ø—É—â–µ–Ω –ø–æ—Ç–æ–∫ –Ω–∞ –ø–µ—Ä–µ–¥–∞—á—É —Å–æ–æ–±—â–µ–Ω–∏–π 
2021-10-08 19:10:18,388 - DEBUG - client - –ó–∞–ø—É—â–µ–Ω –ø–æ—Ç–æ–∫ –Ω–∞ –ø—Ä–∏–µ–º —Å–æ–æ–±—â–µ–Ω–∏–π 
2021-10-08 19:10:18,388 - DEBUG - client - –ó–∞–ø—É—â–µ–Ω –ø–æ—Ç–æ–∫ –Ω–∞ –ø–µ—Ä–µ–¥–∞—á—É —Å–æ–æ–±—â–µ–Ω–∏–π 
2021-10-08 19:10:26,403 - DEBUG - client - –ó–∞–ø—É—â–µ–Ω –ø–æ—Ç–æ–∫ –Ω–∞ –ø—Ä–∏–µ–º —Å–æ–æ–±—â–µ–Ω–∏–π 
2021-10-08 19:10:26,403 - DEBUG - client - –ó–∞–ø—É—â–µ–Ω –ø–æ—Ç–æ–∫ –Ω–∞ –ø–µ—Ä–µ–¥–∞—á—É —Å–æ–æ–±—â–µ–Ω–∏–π 
2021-10-08 19:10:50,916 - DEBUG - client - –ó–∞–ø—É—â–µ–Ω –ø–æ—Ç–æ–∫ –Ω–∞ –ø—Ä–∏–µ–º —Å–æ–æ–±—â–µ–Ω–∏–π 
2021-10-08 19:10:50,916 - DEBUG - client - –ó–∞–ø—É—â–µ–Ω –ø–æ—Ç–æ–∫ –Ω–∞ –ø–µ—Ä–µ–¥–∞—á—É —Å–æ–æ–±—â–µ–Ω–∏–π 
2021-10-08 19:11:08,530 - DEBUG - client - –ó–∞–ø—É—â–µ–Ω –ø–æ—Ç–æ–∫ –Ω–∞ –ø—Ä–∏–µ–º —Å–æ–æ–±—â–µ–Ω–∏–π 
2021-10-08 19:11:08,530 - DEBUG - client - –ó–∞–ø—É—â–µ–Ω –ø–æ—Ç–æ–∫ –Ω–∞ –ø–µ—Ä–µ–¥–∞—á—É —Å–æ–æ–±—â–µ–Ω–∏–π 
2021-10-08 19:14:16,025 - DEBUG - client - –ó–∞–ø—É—â–µ–Ω –ø–æ—Ç–æ–∫ –Ω–∞ –ø—Ä–∏–µ–º —Å–æ–æ–±—â–µ–Ω–∏–π 
2021-10-08 19:14:16,025 - DEBUG - client - –ó–∞–ø—É—â–µ–Ω –ø–æ—Ç–æ–∫ –Ω–∞ –ø–µ—Ä–µ–¥–∞—á—É —Å–æ–æ–±—â–µ–Ω–∏–π 
2021-10-08 19:14:33,544 - DEBUG - client - –ó–∞–ø—É—â–µ–Ω –ø–æ—Ç–æ–∫ –Ω–∞ –ø—Ä–∏–µ–º —Å–æ–æ–±—â–µ–Ω–∏–π 
2021-10-08 19:14:33,544 - DEBUG - client - –ó–∞–ø—É—â–µ–Ω –ø–æ—Ç–æ–∫ –Ω–∞ –ø–µ—Ä–µ–¥–∞—á—É —Å–æ–æ–±—â–µ–Ω–∏–π 
2021-10-08 19:14:48,299 - DEBUG - client - –ó–∞–ø—É—â–µ–Ω –ø–æ—Ç–æ–∫ –Ω–∞ –ø—Ä–∏–µ–º —Å–æ–æ–±—â–µ–Ω–∏–π 
2021-10-08 19:14:48,299 - DEBUG - client - –ó–∞–ø—É—â–µ–Ω –ø–æ—Ç–æ–∫ –Ω–∞ –ø–µ—Ä–µ–¥–∞—á—É —Å–æ–æ–±—â–µ–Ω–∏–π 
2021-10-08 19:14:54,802 - DEBUG - client - –ó–∞–ø—É—â–µ–Ω –ø–æ—Ç–æ–∫ –Ω–∞ –ø—Ä–∏–µ–º —Å–æ–æ–±—â–µ–Ω–∏–π 
2021-10-08 19:14:54,802 - DEBUG - client - –ó–∞–ø—É—â–µ–Ω –ø–æ—Ç–æ–∫ –Ω–∞ –ø–µ—Ä–µ–¥–∞—á—É —Å–æ–æ–±—â–µ–Ω–∏–π 
2021-10-08 19:15:21,032 - DEBUG - client - –ó–∞–ø—É—â–µ–Ω –ø–æ—Ç–æ–∫ –Ω–∞ –ø—Ä–∏–µ–º —Å–æ–æ–±—â–µ–Ω–∏–π 
2021-10-08 19:15:21,032 - DEBUG - client - –ó–∞–ø—É—â–µ–Ω –ø–æ—Ç–æ–∫ –Ω–∞ –ø–µ—Ä–µ–¥–∞—á—É —Å–æ–æ–±—â–µ–Ω–∏–π 
2021-10-08 19:15:24,486 - CRITICAL - client - –ü–æ—Ç–µ—Ä—è–Ω–æ —Å–æ–µ–¥–∏–Ω–µ–Ω–∏–µ —Å —Å–µ—Ä–≤–µ—Ä–æ–º. 
2021-10-08 19:15:39,185 - DEBUG - client - –ó–∞–ø—É—â–µ–Ω –ø–æ—Ç–æ–∫ –Ω–∞ –ø—Ä–∏–µ–º —Å–æ–æ–±—â–µ–Ω–∏–π 
2021-10-08 19:15:39,185 - DEBUG - client - –ó–∞–ø—É—â–µ–Ω –ø–æ—Ç–æ–∫ –Ω–∞ –ø–µ—Ä–µ–¥–∞—á—É —Å–æ–æ–±—â–µ–Ω–∏–π 
2021-10-08 19:21:00,032 - CRITICAL - client - –ù–µ —É–¥–∞–ª–æ—Å—å –ø–æ–¥–∫–ª—é—á–∏—Ç—å—Å—è –∫ —Å–µ—Ä–≤–µ—Ä—É localhost:8080. 
2021-10-08 19:21:18,649 - DEBUG - client - –ó–∞–ø—É—â–µ–Ω –ø–æ—Ç–æ–∫ –Ω–∞ –ø—Ä–∏–µ–º —Å–æ–æ–±—â–µ–Ω–∏–π 
2021-10-08 19:21:18,649 - DEBUG - client - –ó–∞–ø—É—â–µ–Ω –ø–æ—Ç–æ–∫ –Ω–∞ –ø–µ—Ä–µ–¥–∞—á—É —Å–æ–æ–±—â–µ–Ω–∏–π 
2021-10-08 19:26:04,299 - DEBUG - client - –ó–∞–ø—É—â–µ–Ω –ø–æ—Ç–æ–∫ –Ω–∞ –ø—Ä–∏–µ–º —Å–æ–æ–±—â–µ–Ω–∏–π 
2021-10-08 19:26:04,299 - DEBUG - client - –ó–∞–ø—É—â–µ–Ω –ø–æ—Ç–æ–∫ –Ω–∞ –ø–µ—Ä–µ–¥–∞—á—É —Å–æ–æ–±—â–µ–Ω–∏–π 
2021-10-08 19:26:11,731 - CRITICAL - client - –ü–æ—Ç–µ—Ä—è–Ω–æ —Å–æ–µ–¥–∏–Ω–µ–Ω–∏–µ —Å —Å–µ—Ä–≤–µ—Ä–æ–º. 
2021-10-08 19:28:57,967 - DEBUG - client - –ó–∞–ø—É—â–µ–Ω –ø–æ—Ç–æ–∫ –Ω–∞ –ø—Ä–∏–µ–º —Å–æ–æ–±—â–µ–Ω–∏–π 
2021-10-08 19:28:57,967 - DEBUG - client - –ó–∞–ø—É—â–µ–Ω –ø–æ—Ç–æ–∫ –Ω–∞ –ø–µ—Ä–µ–¥–∞—á—É —Å–æ–æ–±—â–µ–Ω–∏–π 
2021-10-08 19:41:36,017 - DEBUG - client - –ó–∞–ø—É—â–µ–Ω –ø–æ—Ç–æ–∫ –Ω–∞ –ø—Ä–∏–µ–º —Å–æ–æ–±—â–µ–Ω–∏–π 
2021-10-08 19:41:36,017 - DEBUG - client - –ó–∞–ø—É—â–µ–Ω –ø–æ—Ç–æ–∫ –Ω–∞ –ø–µ—Ä–µ–¥–∞—á—É —Å–æ–æ–±—â–µ–Ω–∏–π 
2021-10-08 19:58:23,000 - DEBUG - client - –ó–∞–ø—É—â–µ–Ω –ø–æ—Ç–æ–∫ –Ω–∞ –ø—Ä–∏–µ–º —Å–æ–æ–±—â–µ–Ω–∏–π 
2021-10-08 19:58:23,000 - DEBUG - client - –ó–∞–ø—É—â–µ–Ω –ø–æ—Ç–æ–∫ –Ω–∞ –ø–µ—Ä–µ–¥–∞—á—É —Å–æ–æ–±—â–µ–Ω–∏–π 
2021-10-08 20:00:26,826 - DEBUG - client - –ó–∞–ø—É—â–µ–Ω –ø–æ—Ç–æ–∫ –Ω–∞ –ø—Ä–∏–µ–º —Å–æ–æ–±—â–µ–Ω–∏–π 
2021-10-08 20:00:26,842 - DEBUG - client - –ó–∞–ø—É—â–µ–Ω –ø–æ—Ç–æ–∫ –Ω–∞ –ø–µ—Ä–µ–¥–∞—á—É —Å–æ–æ–±—â–µ–Ω–∏–π 
2021-10-08 20:00:44,890 - CRITICAL - client - –ü–æ—Ç–µ—Ä—è–Ω–æ —Å–æ–µ–¥–∏–Ω–µ–Ω–∏–µ —Å —Å–µ—Ä–≤–µ—Ä–æ–º. 
2021-10-08 20:00:44,890 - CRITICAL - client - –ü–æ—Ç–µ—Ä—è–Ω–æ —Å–æ–µ–¥–∏–Ω–µ–Ω–∏–µ —Å —Å–µ—Ä–≤–µ—Ä–æ–º. 
2021-10-08 20:00:50,042 - DEBUG - client - –ó–∞–ø—É—â–µ–Ω –ø–æ—Ç–æ–∫ –Ω–∞ –ø—Ä–∏–µ–º —Å–æ–æ–±—â–µ–Ω–∏–π 
2021-10-08 20:00:50,042 - DEBUG - client - –ó–∞–ø—É—â–µ–Ω –ø–æ—Ç–æ–∫ –Ω–∞ –ø–µ—Ä–µ–¥–∞—á—É —Å–æ–æ–±—â–µ–Ω–∏–π 
2021-10-08 20:01:25,561 - DEBUG - client - –ó–∞–ø—É—â–µ–Ω –ø–æ—Ç–æ–∫ –Ω–∞ –ø—Ä–∏–µ–º —Å–æ–æ–±—â–µ–Ω–∏–π 
2021-10-08 20:01:25,561 - DEBUG - client - –ó–∞–ø—É—â–µ–Ω –ø–æ—Ç–æ–∫ –Ω–∞ –ø–µ—Ä–µ–¥–∞—á—É —Å–æ–æ–±—â–µ–Ω–∏–π 
2021-10-08 20:01:52,889 - CRITICAL - client - –ü–æ—Ç–µ—Ä—è–Ω–æ —Å–æ–µ–¥–∏–Ω–µ–Ω–∏–µ —Å —Å–µ—Ä–≤–µ—Ä–æ–º. 
É localhost:8080. 
2021-10-08 20:01:58,718 - DEBUG - client - –ó–∞–ø—É—â–µ–Ω –ø–æ—Ç–æ–∫ –Ω–∞ –ø—Ä–∏–µ–º —Å–æ–æ–±—â–µ–Ω–∏–π 
2021-10-08 20:01:58,718 - DEBUG - client - –ó–∞–ø—É—â–µ–Ω –ø–æ—Ç–æ–∫ –Ω–∞ –ø–µ—Ä–µ–¥–∞—á—É —Å–æ–æ–±—â–µ–Ω–∏–π 
2021-10-08 20:02:03,830 - DEBUG - client - –ó–∞–ø—É—â–µ–Ω –ø–æ—Ç–æ–∫ –Ω–∞ –ø—Ä–∏–µ–º —Å–æ–æ–±—â–µ–Ω–∏–π 
2021-10-08 20:02:03,830 - DEBUG - client - –ó–∞–ø—É—â–µ–Ω –ø–æ—Ç–æ–∫ –Ω–∞ –ø–µ—Ä–µ–¥–∞—á—É —Å–æ–æ–±—â–µ–Ω–∏–π 
2021-10-08 20:48:27,056 - DEBUG - client - –ó–∞–ø—É—â–µ–Ω –ø–æ—Ç–æ–∫ –Ω–∞ –ø—Ä–∏–µ–º —Å–æ–æ–±—â–µ–Ω–∏–π 
2021-10-08 20:48:27,056 - DEBUG - client - –ó–∞–ø—É—â–µ–Ω –ø–æ—Ç–æ–∫ –Ω–∞ –ø–µ—Ä–µ–¥–∞—á—É —Å–æ–æ–±—â–µ–Ω–∏–π 
2021-10-08 20:56:23,477 - DEBUG - client - –ó–∞–ø—É—â–µ–Ω –ø–æ—Ç–æ–∫ –Ω–∞ –ø—Ä–∏–µ–º —Å–æ–æ–±—â–µ–Ω–∏–π 
2021-10-08 20:56:23,477 - DEBUG - client - –ó–∞–ø—É—â–µ–Ω –ø–æ—Ç–æ–∫ –Ω–∞ –ø–µ—Ä–µ–¥–∞—á—É —Å–æ–æ–±—â–µ–Ω–∏–π 
2021-10-08 20:58:03,767 - DEBUG - client - –ó–∞–ø—É—â–µ–Ω –ø–æ—Ç–æ–∫ –Ω–∞ –ø—Ä–∏–µ–º —Å–æ–æ–±—â–µ–Ω–∏–π 
2021-10-08 20:58:03,767 - DEBUG - client - –ó–∞–ø—É—â–µ–Ω –ø–æ—Ç–æ–∫ –Ω–∞ –ø–µ—Ä–µ–¥–∞—á—É —Å–æ–æ–±—â–µ–Ω–∏–π 
